error:May-02-22 14:05:00:User validation failed: email: Path `email` is required.
error:May-02-22 14:14:00:User validation failed: email: please enter your email
error:May-02-22 14:30:58:Cannot populate path `category` because it is not in your schema. Set the `strictPopulate` option to false to override.
error:May-02-22 14:34:39:Cannot populate path `category_id` because it is not in your schema. Set the `strictPopulate` option to false to override.
error:May-02-22 14:37:01:Cannot populate path `categorieId` because it is not in your schema. Set the `strictPopulate` option to false to override.
error:May-02-22 14:37:40:Cannot populate path `categorieId` because it is not in your schema. Set the `strictPopulate` option to false to override.
error:May-02-22 14:51:34:Argument passed in must be a string of 12 bytes or a string of 24 hex characters or an integer
error:May-02-22 15:05:53:Cannot populate path `categorieId` because it is not in your schema. Set the `strictPopulate` option to false to override.
error:May-02-22 15:06:48:Argument passed in must be a string of 12 bytes or a string of 24 hex characters or an integer
error:May-02-22 15:08:10:Cannot populate path `category` because it is not in your schema. Set the `strictPopulate` option to false to override.
error:May-02-22 15:09:20:Argument passed in must be a string of 12 bytes or a string of 24 hex characters or an integer
error:May-02-22 15:16:28:Argument passed in must be a string of 12 bytes or a string of 24 hex characters or an integer
error:May-02-22 15:16:28:Argument passed in must be a string of 12 bytes or a string of 24 hex characters or an integer
error:May-02-22 15:19:36:Argument passed in must be a string of 12 bytes or a string of 24 hex characters or an integer
error:May-02-22 15:19:45:Argument passed in must be a string of 12 bytes or a string of 24 hex characters or an integer
error:May-02-22 15:21:49:Argument passed in must be a string of 12 bytes or a string of 24 hex characters or an integer
error:May-02-22 15:22:07:Argument passed in must be a string of 12 bytes or a string of 24 hex characters or an integer
error:May-02-22 15:36:55:Argument passed in must be a string of 12 bytes or a string of 24 hex characters or an integer
error:May-02-22 15:37:35:User validation failed: password: Path `password` is required., email: Path `email` is required.
error:May-02-22 15:52:39:User validation failed: password: Path `password` is required., email: Path `email` is required.
error:May-02-22 16:03:31:User validation failed: password: Path `password` is required., email: Path `email` is required.
error:May-02-22 16:06:20:User validation failed: email: please enter your email
error:May-02-22 16:12:40:Cannot set headers after they are sent to the client
error:May-02-22 16:12:40:Cannot set headers after they are sent to the client
error:May-02-22 16:12:57:Cannot set headers after they are sent to the client
error:May-02-22 16:12:57:Cannot set headers after they are sent to the client
error:May-02-22 16:17:50:Cannot set headers after they are sent to the client
error:May-02-22 16:17:50:Cannot set headers after they are sent to the client
error:May-02-22 17:06:23:undefined
error:May-02-22 19:37:13:E11000 duplicate key error collection: 324283258_Miriam&Brachy.products index: _id_ dup key: { : ObjectId('6266b20200342b5deb4ba3c6') }
error:May-02-22 19:37:49:Unexpected token } in JSON at position 284
error:May-02-22 19:37:54:Unexpected token } in JSON at position 284
error:May-02-22 19:38:03:E11000 duplicate key error collection: 324283258_Miriam&Brachy.products index: _id_ dup key: { : ObjectId('6266b20200342b5deb4ba3c6') }
error:May-02-22 19:39:27:Unexpected token } in JSON at position 228
error:May-02-22 19:40:46:Unexpected token } in JSON at position 237
error:May-02-22 20:06:12:Cannot set headers after they are sent to the client
error:May-02-22 20:08:07:Cannot set headers after they are sent to the client
error:May-02-22 20:08:46:Cannot set headers after they are sent to the client
error:May-02-22 20:10:21:User validation failed: password: Path `password` is required., email: Path `email` is required.
error:May-03-22 13:39:03:Cannot populate path `allOrders` because it is not in your schema. Set the `strictPopulate` option to false to override.
error:May-03-22 13:40:39:User validation failed: email: please enter your email
error:May-03-22 13:45:07:Cannot set headers after they are sent to the client
error:May-03-22 13:47:00:Cannot set headers after they are sent to the client
error:May-03-22 13:48:20:Cannot set headers after they are sent to the client
error:May-03-22 13:49:34:Cannot set headers after they are sent to the client
error:May-03-22 13:50:15:Cannot set headers after they are sent to the client
error:May-03-22 13:51:00:Cannot set headers after they are sent to the client
error:May-03-22 13:53:02:Cannot set headers after they are sent to the client
error:May-03-22 14:00:05:Cannot set headers after they are sent to the client
error:May-03-22 14:01:15:Cannot set headers after they are sent to the client
error:May-03-22 14:04:51:Cannot set headers after they are sent to the client
error:May-03-22 14:06:01:Cannot set headers after they are sent to the client
error:May-03-22 14:07:11:Cannot set headers after they are sent to the client
error:May-03-22 14:07:35:Cannot set headers after they are sent to the client
error:May-03-22 14:08:27:Cannot set headers after they are sent to the client
error:May-03-22 14:11:13:Cannot set headers after they are sent to the client
error:May-03-22 14:11:50:Cannot set headers after they are sent to the client
error:May-03-22 14:15:10:Cannot set headers after they are sent to the client
error:May-03-22 14:16:56:Cannot set headers after they are sent to the client
error:May-03-22 14:20:59:Cannot set headers after they are sent to the client
error:May-03-22 14:24:58:Cannot set headers after they are sent to the client
error:May-03-22 14:25:07:Cannot set headers after they are sent to the client
error:May-03-22 14:25:40:Cannot set headers after they are sent to the client
error:May-03-22 14:30:03:Cannot set headers after they are sent to the client
error:May-03-22 14:39:17:Cannot populate path `productId` because it is not in your schema. Set the `strictPopulate` option to false to override.
error:May-03-22 14:46:27:Cannot populate path `productId` because it is not in your schema. Set the `strictPopulate` option to false to override.
